<?xml version="1.0" encoding="UTF-8"?>
<testsuite xmlns:xsi="http://www.w3.org/2001/XMLSchema-instance" xsi:noNamespaceSchemaLocation="https://maven.apache.org/surefire/maven-surefire-plugin/xsd/surefire-test-report.xsd" name="com.postbar.backend.BackendApplicationTests" time="2.67" tests="1" errors="0" skipped="0" failures="0">
  <properties>
    <property name="java.specification.version" value="17"/>
    <property name="sun.cpu.isalist" value="amd64"/>
    <property name="sun.jnu.encoding" value="GBK"/>
    <property name="java.class.path" value="E:\JavaProject\post_bar\backend\target\test-classes;E:\JavaProject\post_bar\backend\target\classes;E:\apache-maven-3.6.1-bin\apache-maven-3.6.1\mvn_resp\org\springframework\boot\spring-boot-starter-security\3.0.2\spring-boot-starter-security-3.0.2.jar;E:\apache-maven-3.6.1-bin\apache-maven-3.6.1\mvn_resp\org\springframework\boot\spring-boot-starter\3.0.2\spring-boot-starter-3.0.2.jar;E:\apache-maven-3.6.1-bin\apache-maven-3.6.1\mvn_resp\org\springframework\boot\spring-boot\3.0.2\spring-boot-3.0.2.jar;E:\apache-maven-3.6.1-bin\apache-maven-3.6.1\mvn_resp\org\springframework\boot\spring-boot-starter-logging\3.0.2\spring-boot-starter-logging-3.0.2.jar;E:\apache-maven-3.6.1-bin\apache-maven-3.6.1\mvn_resp\ch\qos\logback\logback-classic\1.4.5\logback-classic-1.4.5.jar;E:\apache-maven-3.6.1-bin\apache-maven-3.6.1\mvn_resp\ch\qos\logback\logback-core\1.4.5\logback-core-1.4.5.jar;E:\apache-maven-3.6.1-bin\apache-maven-3.6.1\mvn_resp\org\apache\logging\log4j\log4j-to-slf4j\2.19.0\log4j-to-slf4j-2.19.0.jar;E:\apache-maven-3.6.1-bin\apache-maven-3.6.1\mvn_resp\org\apache\logging\log4j\log4j-api\2.19.0\log4j-api-2.19.0.jar;E:\apache-maven-3.6.1-bin\apache-maven-3.6.1\mvn_resp\org\slf4j\jul-to-slf4j\2.0.6\jul-to-slf4j-2.0.6.jar;E:\apache-maven-3.6.1-bin\apache-maven-3.6.1\mvn_resp\jakarta\annotation\jakarta.annotation-api\2.1.1\jakarta.annotation-api-2.1.1.jar;E:\apache-maven-3.6.1-bin\apache-maven-3.6.1\mvn_resp\org\yaml\snakeyaml\1.33\snakeyaml-1.33.jar;E:\apache-maven-3.6.1-bin\apache-maven-3.6.1\mvn_resp\org\springframework\spring-aop\6.0.4\spring-aop-6.0.4.jar;E:\apache-maven-3.6.1-bin\apache-maven-3.6.1\mvn_resp\org\springframework\spring-beans\6.0.4\spring-beans-6.0.4.jar;E:\apache-maven-3.6.1-bin\apache-maven-3.6.1\mvn_resp\org\springframework\security\spring-security-config\6.0.1\spring-security-config-6.0.1.jar;E:\apache-maven-3.6.1-bin\apache-maven-3.6.1\mvn_resp\org\springframework\security\spring-security-core\6.0.1\spring-security-core-6.0.1.jar;E:\apache-maven-3.6.1-bin\apache-maven-3.6.1\mvn_resp\org\springframework\security\spring-security-crypto\6.0.1\spring-security-crypto-6.0.1.jar;E:\apache-maven-3.6.1-bin\apache-maven-3.6.1\mvn_resp\org\springframework\spring-context\6.0.4\spring-context-6.0.4.jar;E:\apache-maven-3.6.1-bin\apache-maven-3.6.1\mvn_resp\org\springframework\security\spring-security-web\6.0.1\spring-security-web-6.0.1.jar;E:\apache-maven-3.6.1-bin\apache-maven-3.6.1\mvn_resp\org\springframework\spring-expression\6.0.4\spring-expression-6.0.4.jar;E:\apache-maven-3.6.1-bin\apache-maven-3.6.1\mvn_resp\org\springframework\boot\spring-boot-starter-web\3.0.2\spring-boot-starter-web-3.0.2.jar;E:\apache-maven-3.6.1-bin\apache-maven-3.6.1\mvn_resp\org\springframework\boot\spring-boot-starter-json\3.0.2\spring-boot-starter-json-3.0.2.jar;E:\apache-maven-3.6.1-bin\apache-maven-3.6.1\mvn_resp\com\fasterxml\jackson\datatype\jackson-datatype-jdk8\2.14.1\jackson-datatype-jdk8-2.14.1.jar;E:\apache-maven-3.6.1-bin\apache-maven-3.6.1\mvn_resp\com\fasterxml\jackson\datatype\jackson-datatype-jsr310\2.14.1\jackson-datatype-jsr310-2.14.1.jar;E:\apache-maven-3.6.1-bin\apache-maven-3.6.1\mvn_resp\com\fasterxml\jackson\module\jackson-module-parameter-names\2.14.1\jackson-module-parameter-names-2.14.1.jar;E:\apache-maven-3.6.1-bin\apache-maven-3.6.1\mvn_resp\org\springframework\boot\spring-boot-starter-tomcat\3.0.2\spring-boot-starter-tomcat-3.0.2.jar;E:\apache-maven-3.6.1-bin\apache-maven-3.6.1\mvn_resp\org\apache\tomcat\embed\tomcat-embed-core\10.1.5\tomcat-embed-core-10.1.5.jar;E:\apache-maven-3.6.1-bin\apache-maven-3.6.1\mvn_resp\org\apache\tomcat\embed\tomcat-embed-el\10.1.5\tomcat-embed-el-10.1.5.jar;E:\apache-maven-3.6.1-bin\apache-maven-3.6.1\mvn_resp\org\apache\tomcat\embed\tomcat-embed-websocket\10.1.5\tomcat-embed-websocket-10.1.5.jar;E:\apache-maven-3.6.1-bin\apache-maven-3.6.1\mvn_resp\org\springframework\spring-web\6.0.4\spring-web-6.0.4.jar;E:\apache-maven-3.6.1-bin\apache-maven-3.6.1\mvn_resp\io\micrometer\micrometer-observation\1.10.3\micrometer-observation-1.10.3.jar;E:\apache-maven-3.6.1-bin\apache-maven-3.6.1\mvn_resp\io\micrometer\micrometer-commons\1.10.3\micrometer-commons-1.10.3.jar;E:\apache-maven-3.6.1-bin\apache-maven-3.6.1\mvn_resp\org\springframework\spring-webmvc\6.0.4\spring-webmvc-6.0.4.jar;E:\apache-maven-3.6.1-bin\apache-maven-3.6.1\mvn_resp\com\mysql\mysql-connector-j\8.0.32\mysql-connector-j-8.0.32.jar;E:\apache-maven-3.6.1-bin\apache-maven-3.6.1\mvn_resp\org\springframework\boot\spring-boot-configuration-processor\3.0.2\spring-boot-configuration-processor-3.0.2.jar;E:\apache-maven-3.6.1-bin\apache-maven-3.6.1\mvn_resp\org\projectlombok\lombok\1.18.24\lombok-1.18.24.jar;E:\apache-maven-3.6.1-bin\apache-maven-3.6.1\mvn_resp\io\jsonwebtoken\jjwt-api\0.11.5\jjwt-api-0.11.5.jar;E:\apache-maven-3.6.1-bin\apache-maven-3.6.1\mvn_resp\io\jsonwebtoken\jjwt-impl\0.11.5\jjwt-impl-0.11.5.jar;E:\apache-maven-3.6.1-bin\apache-maven-3.6.1\mvn_resp\io\jsonwebtoken\jjwt-jackson\0.11.5\jjwt-jackson-0.11.5.jar;E:\apache-maven-3.6.1-bin\apache-maven-3.6.1\mvn_resp\com\fasterxml\jackson\core\jackson-databind\2.14.1\jackson-databind-2.14.1.jar;E:\apache-maven-3.6.1-bin\apache-maven-3.6.1\mvn_resp\com\fasterxml\jackson\core\jackson-annotations\2.14.1\jackson-annotations-2.14.1.jar;E:\apache-maven-3.6.1-bin\apache-maven-3.6.1\mvn_resp\com\fasterxml\jackson\core\jackson-core\2.14.1\jackson-core-2.14.1.jar;E:\apache-maven-3.6.1-bin\apache-maven-3.6.1\mvn_resp\com\baomidou\mybatis-plus-boot-starter\3.5.3\mybatis-plus-boot-starter-3.5.3.jar;E:\apache-maven-3.6.1-bin\apache-maven-3.6.1\mvn_resp\com\baomidou\mybatis-plus\3.5.3\mybatis-plus-3.5.3.jar;E:\apache-maven-3.6.1-bin\apache-maven-3.6.1\mvn_resp\com\baomidou\mybatis-plus-extension\3.5.3\mybatis-plus-extension-3.5.3.jar;E:\apache-maven-3.6.1-bin\apache-maven-3.6.1\mvn_resp\com\baomidou\mybatis-plus-core\3.5.3\mybatis-plus-core-3.5.3.jar;E:\apache-maven-3.6.1-bin\apache-maven-3.6.1\mvn_resp\com\baomidou\mybatis-plus-annotation\3.5.3\mybatis-plus-annotation-3.5.3.jar;E:\apache-maven-3.6.1-bin\apache-maven-3.6.1\mvn_resp\com\github\jsqlparser\jsqlparser\4.4\jsqlparser-4.4.jar;E:\apache-maven-3.6.1-bin\apache-maven-3.6.1\mvn_resp\org\mybatis\mybatis\3.5.10\mybatis-3.5.10.jar;E:\apache-maven-3.6.1-bin\apache-maven-3.6.1\mvn_resp\org\mybatis\mybatis-spring\2.0.7\mybatis-spring-2.0.7.jar;E:\apache-maven-3.6.1-bin\apache-maven-3.6.1\mvn_resp\org\springframework\boot\spring-boot-autoconfigure\3.0.2\spring-boot-autoconfigure-3.0.2.jar;E:\apache-maven-3.6.1-bin\apache-maven-3.6.1\mvn_resp\org\springframework\boot\spring-boot-starter-jdbc\3.0.2\spring-boot-starter-jdbc-3.0.2.jar;E:\apache-maven-3.6.1-bin\apache-maven-3.6.1\mvn_resp\com\zaxxer\HikariCP\5.0.1\HikariCP-5.0.1.jar;E:\apache-maven-3.6.1-bin\apache-maven-3.6.1\mvn_resp\org\springframework\spring-jdbc\6.0.4\spring-jdbc-6.0.4.jar;E:\apache-maven-3.6.1-bin\apache-maven-3.6.1\mvn_resp\org\springframework\spring-tx\6.0.4\spring-tx-6.0.4.jar;E:\apache-maven-3.6.1-bin\apache-maven-3.6.1\mvn_resp\com\aliyun\oss\aliyun-sdk-oss\3.16.1\aliyun-sdk-oss-3.16.1.jar;E:\apache-maven-3.6.1-bin\apache-maven-3.6.1\mvn_resp\org\apache\httpcomponents\httpclient\4.5.14\httpclient-4.5.14.jar;E:\apache-maven-3.6.1-bin\apache-maven-3.6.1\mvn_resp\org\apache\httpcomponents\httpcore\4.4.16\httpcore-4.4.16.jar;E:\apache-maven-3.6.1-bin\apache-maven-3.6.1\mvn_resp\commons-codec\commons-codec\1.15\commons-codec-1.15.jar;E:\apache-maven-3.6.1-bin\apache-maven-3.6.1\mvn_resp\org\jdom\jdom2\2.0.6.1\jdom2-2.0.6.1.jar;E:\apache-maven-3.6.1-bin\apache-maven-3.6.1\mvn_resp\org\codehaus\jettison\jettison\1.5.2\jettison-1.5.2.jar;E:\apache-maven-3.6.1-bin\apache-maven-3.6.1\mvn_resp\com\aliyun\aliyun-java-sdk-core\4.5.10\aliyun-java-sdk-core-4.5.10.jar;E:\apache-maven-3.6.1-bin\apache-maven-3.6.1\mvn_resp\com\google\code\gson\gson\2.9.1\gson-2.9.1.jar;E:\apache-maven-3.6.1-bin\apache-maven-3.6.1\mvn_resp\commons-logging\commons-logging\1.2\commons-logging-1.2.jar;E:\apache-maven-3.6.1-bin\apache-maven-3.6.1\mvn_resp\javax\xml\bind\jaxb-api\2.3.1\jaxb-api-2.3.1.jar;E:\apache-maven-3.6.1-bin\apache-maven-3.6.1\mvn_resp\javax\activation\javax.activation-api\1.2.0\javax.activation-api-1.2.0.jar;E:\apache-maven-3.6.1-bin\apache-maven-3.6.1\mvn_resp\org\jacoco\org.jacoco.agent\0.8.5\org.jacoco.agent-0.8.5-runtime.jar;E:\apache-maven-3.6.1-bin\apache-maven-3.6.1\mvn_resp\org\ini4j\ini4j\0.5.4\ini4j-0.5.4.jar;E:\apache-maven-3.6.1-bin\apache-maven-3.6.1\mvn_resp\org\slf4j\slf4j-api\2.0.6\slf4j-api-2.0.6.jar;E:\apache-maven-3.6.1-bin\apache-maven-3.6.1\mvn_resp\io\opentracing\opentracing-api\0.33.0\opentracing-api-0.33.0.jar;E:\apache-maven-3.6.1-bin\apache-maven-3.6.1\mvn_resp\io\opentracing\opentracing-util\0.33.0\opentracing-util-0.33.0.jar;E:\apache-maven-3.6.1-bin\apache-maven-3.6.1\mvn_resp\io\opentracing\opentracing-noop\0.33.0\opentracing-noop-0.33.0.jar;E:\apache-maven-3.6.1-bin\apache-maven-3.6.1\mvn_resp\com\aliyun\aliyun-java-sdk-ram\3.1.0\aliyun-java-sdk-ram-3.1.0.jar;E:\apache-maven-3.6.1-bin\apache-maven-3.6.1\mvn_resp\com\aliyun\aliyun-java-sdk-kms\2.11.0\aliyun-java-sdk-kms-2.11.0.jar;E:\apache-maven-3.6.1-bin\apache-maven-3.6.1\mvn_resp\org\springframework\boot\spring-boot-starter-test\3.0.2\spring-boot-starter-test-3.0.2.jar;E:\apache-maven-3.6.1-bin\apache-maven-3.6.1\mvn_resp\org\springframework\boot\spring-boot-test\3.0.2\spring-boot-test-3.0.2.jar;E:\apache-maven-3.6.1-bin\apache-maven-3.6.1\mvn_resp\org\springframework\boot\spring-boot-test-autoconfigure\3.0.2\spring-boot-test-autoconfigure-3.0.2.jar;E:\apache-maven-3.6.1-bin\apache-maven-3.6.1\mvn_resp\com\jayway\jsonpath\json-path\2.7.0\json-path-2.7.0.jar;E:\apache-maven-3.6.1-bin\apache-maven-3.6.1\mvn_resp\net\minidev\json-smart\2.4.8\json-smart-2.4.8.jar;E:\apache-maven-3.6.1-bin\apache-maven-3.6.1\mvn_resp\net\minidev\accessors-smart\2.4.8\accessors-smart-2.4.8.jar;E:\apache-maven-3.6.1-bin\apache-maven-3.6.1\mvn_resp\org\ow2\asm\asm\9.1\asm-9.1.jar;E:\apache-maven-3.6.1-bin\apache-maven-3.6.1\mvn_resp\jakarta\xml\bind\jakarta.xml.bind-api\4.0.0\jakarta.xml.bind-api-4.0.0.jar;E:\apache-maven-3.6.1-bin\apache-maven-3.6.1\mvn_resp\jakarta\activation\jakarta.activation-api\2.1.1\jakarta.activation-api-2.1.1.jar;E:\apache-maven-3.6.1-bin\apache-maven-3.6.1\mvn_resp\org\assertj\assertj-core\3.23.1\assertj-core-3.23.1.jar;E:\apache-maven-3.6.1-bin\apache-maven-3.6.1\mvn_resp\net\bytebuddy\byte-buddy\1.12.22\byte-buddy-1.12.22.jar;E:\apache-maven-3.6.1-bin\apache-maven-3.6.1\mvn_resp\org\hamcrest\hamcrest\2.2\hamcrest-2.2.jar;E:\apache-maven-3.6.1-bin\apache-maven-3.6.1\mvn_resp\org\junit\jupiter\junit-jupiter\5.9.2\junit-jupiter-5.9.2.jar;E:\apache-maven-3.6.1-bin\apache-maven-3.6.1\mvn_resp\org\junit\jupiter\junit-jupiter-api\5.9.2\junit-jupiter-api-5.9.2.jar;E:\apache-maven-3.6.1-bin\apache-maven-3.6.1\mvn_resp\org\opentest4j\opentest4j\1.2.0\opentest4j-1.2.0.jar;E:\apache-maven-3.6.1-bin\apache-maven-3.6.1\mvn_resp\org\junit\platform\junit-platform-commons\1.9.2\junit-platform-commons-1.9.2.jar;E:\apache-maven-3.6.1-bin\apache-maven-3.6.1\mvn_resp\org\apiguardian\apiguardian-api\1.1.2\apiguardian-api-1.1.2.jar;E:\apache-maven-3.6.1-bin\apache-maven-3.6.1\mvn_resp\org\junit\jupiter\junit-jupiter-params\5.9.2\junit-jupiter-params-5.9.2.jar;E:\apache-maven-3.6.1-bin\apache-maven-3.6.1\mvn_resp\org\junit\jupiter\junit-jupiter-engine\5.9.2\junit-jupiter-engine-5.9.2.jar;E:\apache-maven-3.6.1-bin\apache-maven-3.6.1\mvn_resp\org\junit\platform\junit-platform-engine\1.9.2\junit-platform-engine-1.9.2.jar;E:\apache-maven-3.6.1-bin\apache-maven-3.6.1\mvn_resp\org\mockito\mockito-core\4.8.1\mockito-core-4.8.1.jar;E:\apache-maven-3.6.1-bin\apache-maven-3.6.1\mvn_resp\net\bytebuddy\byte-buddy-agent\1.12.22\byte-buddy-agent-1.12.22.jar;E:\apache-maven-3.6.1-bin\apache-maven-3.6.1\mvn_resp\org\objenesis\objenesis\3.2\objenesis-3.2.jar;E:\apache-maven-3.6.1-bin\apache-maven-3.6.1\mvn_resp\org\mockito\mockito-junit-jupiter\4.8.1\mockito-junit-jupiter-4.8.1.jar;E:\apache-maven-3.6.1-bin\apache-maven-3.6.1\mvn_resp\org\skyscreamer\jsonassert\1.5.1\jsonassert-1.5.1.jar;E:\apache-maven-3.6.1-bin\apache-maven-3.6.1\mvn_resp\com\vaadin\external\google\android-json\0.0.20131108.vaadin1\android-json-0.0.20131108.vaadin1.jar;E:\apache-maven-3.6.1-bin\apache-maven-3.6.1\mvn_resp\org\springframework\spring-core\6.0.4\spring-core-6.0.4.jar;E:\apache-maven-3.6.1-bin\apache-maven-3.6.1\mvn_resp\org\springframework\spring-jcl\6.0.4\spring-jcl-6.0.4.jar;E:\apache-maven-3.6.1-bin\apache-maven-3.6.1\mvn_resp\org\springframework\spring-test\6.0.4\spring-test-6.0.4.jar;E:\apache-maven-3.6.1-bin\apache-maven-3.6.1\mvn_resp\org\xmlunit\xmlunit-core\2.9.1\xmlunit-core-2.9.1.jar;E:\apache-maven-3.6.1-bin\apache-maven-3.6.1\mvn_resp\javax\servlet\javax.servlet-api\4.0.1\javax.servlet-api-4.0.1.jar;"/>
    <property name="java.vm.vendor" value="Oracle Corporation"/>
    <property name="sun.arch.data.model" value="64"/>
    <property name="user.variant" value=""/>
    <property name="java.vendor.url" value="https://java.oracle.com/"/>
    <property name="user.timezone" value="Asia/Shanghai"/>
    <property name="os.name" value="Windows 10"/>
    <property name="java.vm.specification.version" value="17"/>
    <property name="sun.java.launcher" value="SUN_STANDARD"/>
    <property name="user.country" value="CN"/>
    <property name="sun.boot.library.path" value="E:\JDK\jdk-17.0.1\bin"/>
    <property name="sun.java.command" value="C:\Users\lenovo\AppData\Local\Temp\surefire7695011462002586878\surefirebooter4271866929764219117.jar C:\Users\lenovo\AppData\Local\Temp\surefire7695011462002586878 2023-04-04T20-51-57_528-jvmRun1 surefire11103981803653593148tmp surefire_04355861771668410722tmp"/>
    <property name="jdk.debug" value="release"/>
    <property name="surefire.test.class.path" value="E:\JavaProject\post_bar\backend\target\test-classes;E:\JavaProject\post_bar\backend\target\classes;E:\apache-maven-3.6.1-bin\apache-maven-3.6.1\mvn_resp\org\springframework\boot\spring-boot-starter-security\3.0.2\spring-boot-starter-security-3.0.2.jar;E:\apache-maven-3.6.1-bin\apache-maven-3.6.1\mvn_resp\org\springframework\boot\spring-boot-starter\3.0.2\spring-boot-starter-3.0.2.jar;E:\apache-maven-3.6.1-bin\apache-maven-3.6.1\mvn_resp\org\springframework\boot\spring-boot\3.0.2\spring-boot-3.0.2.jar;E:\apache-maven-3.6.1-bin\apache-maven-3.6.1\mvn_resp\org\springframework\boot\spring-boot-starter-logging\3.0.2\spring-boot-starter-logging-3.0.2.jar;E:\apache-maven-3.6.1-bin\apache-maven-3.6.1\mvn_resp\ch\qos\logback\logback-classic\1.4.5\logback-classic-1.4.5.jar;E:\apache-maven-3.6.1-bin\apache-maven-3.6.1\mvn_resp\ch\qos\logback\logback-core\1.4.5\logback-core-1.4.5.jar;E:\apache-maven-3.6.1-bin\apache-maven-3.6.1\mvn_resp\org\apache\logging\log4j\log4j-to-slf4j\2.19.0\log4j-to-slf4j-2.19.0.jar;E:\apache-maven-3.6.1-bin\apache-maven-3.6.1\mvn_resp\org\apache\logging\log4j\log4j-api\2.19.0\log4j-api-2.19.0.jar;E:\apache-maven-3.6.1-bin\apache-maven-3.6.1\mvn_resp\org\slf4j\jul-to-slf4j\2.0.6\jul-to-slf4j-2.0.6.jar;E:\apache-maven-3.6.1-bin\apache-maven-3.6.1\mvn_resp\jakarta\annotation\jakarta.annotation-api\2.1.1\jakarta.annotation-api-2.1.1.jar;E:\apache-maven-3.6.1-bin\apache-maven-3.6.1\mvn_resp\org\yaml\snakeyaml\1.33\snakeyaml-1.33.jar;E:\apache-maven-3.6.1-bin\apache-maven-3.6.1\mvn_resp\org\springframework\spring-aop\6.0.4\spring-aop-6.0.4.jar;E:\apache-maven-3.6.1-bin\apache-maven-3.6.1\mvn_resp\org\springframework\spring-beans\6.0.4\spring-beans-6.0.4.jar;E:\apache-maven-3.6.1-bin\apache-maven-3.6.1\mvn_resp\org\springframework\security\spring-security-config\6.0.1\spring-security-config-6.0.1.jar;E:\apache-maven-3.6.1-bin\apache-maven-3.6.1\mvn_resp\org\springframework\security\spring-security-core\6.0.1\spring-security-core-6.0.1.jar;E:\apache-maven-3.6.1-bin\apache-maven-3.6.1\mvn_resp\org\springframework\security\spring-security-crypto\6.0.1\spring-security-crypto-6.0.1.jar;E:\apache-maven-3.6.1-bin\apache-maven-3.6.1\mvn_resp\org\springframework\spring-context\6.0.4\spring-context-6.0.4.jar;E:\apache-maven-3.6.1-bin\apache-maven-3.6.1\mvn_resp\org\springframework\security\spring-security-web\6.0.1\spring-security-web-6.0.1.jar;E:\apache-maven-3.6.1-bin\apache-maven-3.6.1\mvn_resp\org\springframework\spring-expression\6.0.4\spring-expression-6.0.4.jar;E:\apache-maven-3.6.1-bin\apache-maven-3.6.1\mvn_resp\org\springframework\boot\spring-boot-starter-web\3.0.2\spring-boot-starter-web-3.0.2.jar;E:\apache-maven-3.6.1-bin\apache-maven-3.6.1\mvn_resp\org\springframework\boot\spring-boot-starter-json\3.0.2\spring-boot-starter-json-3.0.2.jar;E:\apache-maven-3.6.1-bin\apache-maven-3.6.1\mvn_resp\com\fasterxml\jackson\datatype\jackson-datatype-jdk8\2.14.1\jackson-datatype-jdk8-2.14.1.jar;E:\apache-maven-3.6.1-bin\apache-maven-3.6.1\mvn_resp\com\fasterxml\jackson\datatype\jackson-datatype-jsr310\2.14.1\jackson-datatype-jsr310-2.14.1.jar;E:\apache-maven-3.6.1-bin\apache-maven-3.6.1\mvn_resp\com\fasterxml\jackson\module\jackson-module-parameter-names\2.14.1\jackson-module-parameter-names-2.14.1.jar;E:\apache-maven-3.6.1-bin\apache-maven-3.6.1\mvn_resp\org\springframework\boot\spring-boot-starter-tomcat\3.0.2\spring-boot-starter-tomcat-3.0.2.jar;E:\apache-maven-3.6.1-bin\apache-maven-3.6.1\mvn_resp\org\apache\tomcat\embed\tomcat-embed-core\10.1.5\tomcat-embed-core-10.1.5.jar;E:\apache-maven-3.6.1-bin\apache-maven-3.6.1\mvn_resp\org\apache\tomcat\embed\tomcat-embed-el\10.1.5\tomcat-embed-el-10.1.5.jar;E:\apache-maven-3.6.1-bin\apache-maven-3.6.1\mvn_resp\org\apache\tomcat\embed\tomcat-embed-websocket\10.1.5\tomcat-embed-websocket-10.1.5.jar;E:\apache-maven-3.6.1-bin\apache-maven-3.6.1\mvn_resp\org\springframework\spring-web\6.0.4\spring-web-6.0.4.jar;E:\apache-maven-3.6.1-bin\apache-maven-3.6.1\mvn_resp\io\micrometer\micrometer-observation\1.10.3\micrometer-observation-1.10.3.jar;E:\apache-maven-3.6.1-bin\apache-maven-3.6.1\mvn_resp\io\micrometer\micrometer-commons\1.10.3\micrometer-commons-1.10.3.jar;E:\apache-maven-3.6.1-bin\apache-maven-3.6.1\mvn_resp\org\springframework\spring-webmvc\6.0.4\spring-webmvc-6.0.4.jar;E:\apache-maven-3.6.1-bin\apache-maven-3.6.1\mvn_resp\com\mysql\mysql-connector-j\8.0.32\mysql-connector-j-8.0.32.jar;E:\apache-maven-3.6.1-bin\apache-maven-3.6.1\mvn_resp\org\springframework\boot\spring-boot-configuration-processor\3.0.2\spring-boot-configuration-processor-3.0.2.jar;E:\apache-maven-3.6.1-bin\apache-maven-3.6.1\mvn_resp\org\projectlombok\lombok\1.18.24\lombok-1.18.24.jar;E:\apache-maven-3.6.1-bin\apache-maven-3.6.1\mvn_resp\io\jsonwebtoken\jjwt-api\0.11.5\jjwt-api-0.11.5.jar;E:\apache-maven-3.6.1-bin\apache-maven-3.6.1\mvn_resp\io\jsonwebtoken\jjwt-impl\0.11.5\jjwt-impl-0.11.5.jar;E:\apache-maven-3.6.1-bin\apache-maven-3.6.1\mvn_resp\io\jsonwebtoken\jjwt-jackson\0.11.5\jjwt-jackson-0.11.5.jar;E:\apache-maven-3.6.1-bin\apache-maven-3.6.1\mvn_resp\com\fasterxml\jackson\core\jackson-databind\2.14.1\jackson-databind-2.14.1.jar;E:\apache-maven-3.6.1-bin\apache-maven-3.6.1\mvn_resp\com\fasterxml\jackson\core\jackson-annotations\2.14.1\jackson-annotations-2.14.1.jar;E:\apache-maven-3.6.1-bin\apache-maven-3.6.1\mvn_resp\com\fasterxml\jackson\core\jackson-core\2.14.1\jackson-core-2.14.1.jar;E:\apache-maven-3.6.1-bin\apache-maven-3.6.1\mvn_resp\com\baomidou\mybatis-plus-boot-starter\3.5.3\mybatis-plus-boot-starter-3.5.3.jar;E:\apache-maven-3.6.1-bin\apache-maven-3.6.1\mvn_resp\com\baomidou\mybatis-plus\3.5.3\mybatis-plus-3.5.3.jar;E:\apache-maven-3.6.1-bin\apache-maven-3.6.1\mvn_resp\com\baomidou\mybatis-plus-extension\3.5.3\mybatis-plus-extension-3.5.3.jar;E:\apache-maven-3.6.1-bin\apache-maven-3.6.1\mvn_resp\com\baomidou\mybatis-plus-core\3.5.3\mybatis-plus-core-3.5.3.jar;E:\apache-maven-3.6.1-bin\apache-maven-3.6.1\mvn_resp\com\baomidou\mybatis-plus-annotation\3.5.3\mybatis-plus-annotation-3.5.3.jar;E:\apache-maven-3.6.1-bin\apache-maven-3.6.1\mvn_resp\com\github\jsqlparser\jsqlparser\4.4\jsqlparser-4.4.jar;E:\apache-maven-3.6.1-bin\apache-maven-3.6.1\mvn_resp\org\mybatis\mybatis\3.5.10\mybatis-3.5.10.jar;E:\apache-maven-3.6.1-bin\apache-maven-3.6.1\mvn_resp\org\mybatis\mybatis-spring\2.0.7\mybatis-spring-2.0.7.jar;E:\apache-maven-3.6.1-bin\apache-maven-3.6.1\mvn_resp\org\springframework\boot\spring-boot-autoconfigure\3.0.2\spring-boot-autoconfigure-3.0.2.jar;E:\apache-maven-3.6.1-bin\apache-maven-3.6.1\mvn_resp\org\springframework\boot\spring-boot-starter-jdbc\3.0.2\spring-boot-starter-jdbc-3.0.2.jar;E:\apache-maven-3.6.1-bin\apache-maven-3.6.1\mvn_resp\com\zaxxer\HikariCP\5.0.1\HikariCP-5.0.1.jar;E:\apache-maven-3.6.1-bin\apache-maven-3.6.1\mvn_resp\org\springframework\spring-jdbc\6.0.4\spring-jdbc-6.0.4.jar;E:\apache-maven-3.6.1-bin\apache-maven-3.6.1\mvn_resp\org\springframework\spring-tx\6.0.4\spring-tx-6.0.4.jar;E:\apache-maven-3.6.1-bin\apache-maven-3.6.1\mvn_resp\com\aliyun\oss\aliyun-sdk-oss\3.16.1\aliyun-sdk-oss-3.16.1.jar;E:\apache-maven-3.6.1-bin\apache-maven-3.6.1\mvn_resp\org\apache\httpcomponents\httpclient\4.5.14\httpclient-4.5.14.jar;E:\apache-maven-3.6.1-bin\apache-maven-3.6.1\mvn_resp\org\apache\httpcomponents\httpcore\4.4.16\httpcore-4.4.16.jar;E:\apache-maven-3.6.1-bin\apache-maven-3.6.1\mvn_resp\commons-codec\commons-codec\1.15\commons-codec-1.15.jar;E:\apache-maven-3.6.1-bin\apache-maven-3.6.1\mvn_resp\org\jdom\jdom2\2.0.6.1\jdom2-2.0.6.1.jar;E:\apache-maven-3.6.1-bin\apache-maven-3.6.1\mvn_resp\org\codehaus\jettison\jettison\1.5.2\jettison-1.5.2.jar;E:\apache-maven-3.6.1-bin\apache-maven-3.6.1\mvn_resp\com\aliyun\aliyun-java-sdk-core\4.5.10\aliyun-java-sdk-core-4.5.10.jar;E:\apache-maven-3.6.1-bin\apache-maven-3.6.1\mvn_resp\com\google\code\gson\gson\2.9.1\gson-2.9.1.jar;E:\apache-maven-3.6.1-bin\apache-maven-3.6.1\mvn_resp\commons-logging\commons-logging\1.2\commons-logging-1.2.jar;E:\apache-maven-3.6.1-bin\apache-maven-3.6.1\mvn_resp\javax\xml\bind\jaxb-api\2.3.1\jaxb-api-2.3.1.jar;E:\apache-maven-3.6.1-bin\apache-maven-3.6.1\mvn_resp\javax\activation\javax.activation-api\1.2.0\javax.activation-api-1.2.0.jar;E:\apache-maven-3.6.1-bin\apache-maven-3.6.1\mvn_resp\org\jacoco\org.jacoco.agent\0.8.5\org.jacoco.agent-0.8.5-runtime.jar;E:\apache-maven-3.6.1-bin\apache-maven-3.6.1\mvn_resp\org\ini4j\ini4j\0.5.4\ini4j-0.5.4.jar;E:\apache-maven-3.6.1-bin\apache-maven-3.6.1\mvn_resp\org\slf4j\slf4j-api\2.0.6\slf4j-api-2.0.6.jar;E:\apache-maven-3.6.1-bin\apache-maven-3.6.1\mvn_resp\io\opentracing\opentracing-api\0.33.0\opentracing-api-0.33.0.jar;E:\apache-maven-3.6.1-bin\apache-maven-3.6.1\mvn_resp\io\opentracing\opentracing-util\0.33.0\opentracing-util-0.33.0.jar;E:\apache-maven-3.6.1-bin\apache-maven-3.6.1\mvn_resp\io\opentracing\opentracing-noop\0.33.0\opentracing-noop-0.33.0.jar;E:\apache-maven-3.6.1-bin\apache-maven-3.6.1\mvn_resp\com\aliyun\aliyun-java-sdk-ram\3.1.0\aliyun-java-sdk-ram-3.1.0.jar;E:\apache-maven-3.6.1-bin\apache-maven-3.6.1\mvn_resp\com\aliyun\aliyun-java-sdk-kms\2.11.0\aliyun-java-sdk-kms-2.11.0.jar;E:\apache-maven-3.6.1-bin\apache-maven-3.6.1\mvn_resp\org\springframework\boot\spring-boot-starter-test\3.0.2\spring-boot-starter-test-3.0.2.jar;E:\apache-maven-3.6.1-bin\apache-maven-3.6.1\mvn_resp\org\springframework\boot\spring-boot-test\3.0.2\spring-boot-test-3.0.2.jar;E:\apache-maven-3.6.1-bin\apache-maven-3.6.1\mvn_resp\org\springframework\boot\spring-boot-test-autoconfigure\3.0.2\spring-boot-test-autoconfigure-3.0.2.jar;E:\apache-maven-3.6.1-bin\apache-maven-3.6.1\mvn_resp\com\jayway\jsonpath\json-path\2.7.0\json-path-2.7.0.jar;E:\apache-maven-3.6.1-bin\apache-maven-3.6.1\mvn_resp\net\minidev\json-smart\2.4.8\json-smart-2.4.8.jar;E:\apache-maven-3.6.1-bin\apache-maven-3.6.1\mvn_resp\net\minidev\accessors-smart\2.4.8\accessors-smart-2.4.8.jar;E:\apache-maven-3.6.1-bin\apache-maven-3.6.1\mvn_resp\org\ow2\asm\asm\9.1\asm-9.1.jar;E:\apache-maven-3.6.1-bin\apache-maven-3.6.1\mvn_resp\jakarta\xml\bind\jakarta.xml.bind-api\4.0.0\jakarta.xml.bind-api-4.0.0.jar;E:\apache-maven-3.6.1-bin\apache-maven-3.6.1\mvn_resp\jakarta\activation\jakarta.activation-api\2.1.1\jakarta.activation-api-2.1.1.jar;E:\apache-maven-3.6.1-bin\apache-maven-3.6.1\mvn_resp\org\assertj\assertj-core\3.23.1\assertj-core-3.23.1.jar;E:\apache-maven-3.6.1-bin\apache-maven-3.6.1\mvn_resp\net\bytebuddy\byte-buddy\1.12.22\byte-buddy-1.12.22.jar;E:\apache-maven-3.6.1-bin\apache-maven-3.6.1\mvn_resp\org\hamcrest\hamcrest\2.2\hamcrest-2.2.jar;E:\apache-maven-3.6.1-bin\apache-maven-3.6.1\mvn_resp\org\junit\jupiter\junit-jupiter\5.9.2\junit-jupiter-5.9.2.jar;E:\apache-maven-3.6.1-bin\apache-maven-3.6.1\mvn_resp\org\junit\jupiter\junit-jupiter-api\5.9.2\junit-jupiter-api-5.9.2.jar;E:\apache-maven-3.6.1-bin\apache-maven-3.6.1\mvn_resp\org\opentest4j\opentest4j\1.2.0\opentest4j-1.2.0.jar;E:\apache-maven-3.6.1-bin\apache-maven-3.6.1\mvn_resp\org\junit\platform\junit-platform-commons\1.9.2\junit-platform-commons-1.9.2.jar;E:\apache-maven-3.6.1-bin\apache-maven-3.6.1\mvn_resp\org\apiguardian\apiguardian-api\1.1.2\apiguardian-api-1.1.2.jar;E:\apache-maven-3.6.1-bin\apache-maven-3.6.1\mvn_resp\org\junit\jupiter\junit-jupiter-params\5.9.2\junit-jupiter-params-5.9.2.jar;E:\apache-maven-3.6.1-bin\apache-maven-3.6.1\mvn_resp\org\junit\jupiter\junit-jupiter-engine\5.9.2\junit-jupiter-engine-5.9.2.jar;E:\apache-maven-3.6.1-bin\apache-maven-3.6.1\mvn_resp\org\junit\platform\junit-platform-engine\1.9.2\junit-platform-engine-1.9.2.jar;E:\apache-maven-3.6.1-bin\apache-maven-3.6.1\mvn_resp\org\mockito\mockito-core\4.8.1\mockito-core-4.8.1.jar;E:\apache-maven-3.6.1-bin\apache-maven-3.6.1\mvn_resp\net\bytebuddy\byte-buddy-agent\1.12.22\byte-buddy-agent-1.12.22.jar;E:\apache-maven-3.6.1-bin\apache-maven-3.6.1\mvn_resp\org\objenesis\objenesis\3.2\objenesis-3.2.jar;E:\apache-maven-3.6.1-bin\apache-maven-3.6.1\mvn_resp\org\mockito\mockito-junit-jupiter\4.8.1\mockito-junit-jupiter-4.8.1.jar;E:\apache-maven-3.6.1-bin\apache-maven-3.6.1\mvn_resp\org\skyscreamer\jsonassert\1.5.1\jsonassert-1.5.1.jar;E:\apache-maven-3.6.1-bin\apache-maven-3.6.1\mvn_resp\com\vaadin\external\google\android-json\0.0.20131108.vaadin1\android-json-0.0.20131108.vaadin1.jar;E:\apache-maven-3.6.1-bin\apache-maven-3.6.1\mvn_resp\org\springframework\spring-core\6.0.4\spring-core-6.0.4.jar;E:\apache-maven-3.6.1-bin\apache-maven-3.6.1\mvn_resp\org\springframework\spring-jcl\6.0.4\spring-jcl-6.0.4.jar;E:\apache-maven-3.6.1-bin\apache-maven-3.6.1\mvn_resp\org\springframework\spring-test\6.0.4\spring-test-6.0.4.jar;E:\apache-maven-3.6.1-bin\apache-maven-3.6.1\mvn_resp\org\xmlunit\xmlunit-core\2.9.1\xmlunit-core-2.9.1.jar;E:\apache-maven-3.6.1-bin\apache-maven-3.6.1\mvn_resp\javax\servlet\javax.servlet-api\4.0.1\javax.servlet-api-4.0.1.jar;"/>
    <property name="sun.cpu.endian" value="little"/>
    <property name="user.home" value="C:\Users\lenovo"/>
    <property name="user.language" value="zh"/>
    <property name="java.specification.vendor" value="Oracle Corporation"/>
    <property name="java.version.date" value="2021-10-19"/>
    <property name="java.home" value="E:\JDK\jdk-17.0.1"/>
    <property name="file.separator" value="\"/>
    <property name="basedir" value="E:\JavaProject\post_bar\backend"/>
    <property name="java.vm.compressedOopsMode" value="Zero based"/>
    <property name="line.separator" value="&#10;"/>
    <property name="java.vm.specification.vendor" value="Oracle Corporation"/>
    <property name="java.specification.name" value="Java Platform API Specification"/>
    <property name="surefire.real.class.path" value="C:\Users\lenovo\AppData\Local\Temp\surefire7695011462002586878\surefirebooter4271866929764219117.jar"/>
    <property name="user.script" value=""/>
    <property name="sun.management.compiler" value="HotSpot 64-Bit Tiered Compilers"/>
    <property name="java.runtime.version" value="17.0.1+12-LTS-39"/>
    <property name="user.name" value="lenovo"/>
    <property name="path.separator" value=";"/>
    <property name="os.version" value="10.0"/>
    <property name="java.runtime.name" value="Java(TM) SE Runtime Environment"/>
    <property name="file.encoding" value="GBK"/>
    <property name="java.vm.name" value="Java HotSpot(TM) 64-Bit Server VM"/>
    <property name="localRepository" value="E:\apache-maven-3.6.1-bin\apache-maven-3.6.1\mvn_resp"/>
    <property name="java.vendor.url.bug" value="https://bugreport.java.com/bugreport/"/>
    <property name="java.io.tmpdir" value="C:\Users\lenovo\AppData\Local\Temp\"/>
    <property name="java.version" value="17.0.1"/>
    <property name="user.dir" value="E:\JavaProject\post_bar\backend"/>
    <property name="os.arch" value="amd64"/>
    <property name="java.vm.specification.name" value="Java Virtual Machine Specification"/>
    <property name="sun.os.patch.level" value=""/>
    <property name="native.encoding" value="GBK"/>
    <property name="java.library.path" value="E:\JDK\jdk-17.0.1\bin;C:\Windows\Sun\Java\bin;C:\Windows\system32;C:\Windows;C:\Program Files\Common Files\Oracle\Java\javapath;C:\Windows\system32;C:\Windows;C:\Windows\System32\Wbem;C:\Windows\System32\WindowsPowerShell\v1.0\;C:\Windows\System32\OpenSSH\;C:\Program Files (x86)\NVIDIA Corporation\PhysX\Common;C:\Program Files\NVIDIA Corporation\NVIDIA NvDLISR;C:\Program Files\mingw-w64\x86_64-8.1.0-posix-seh-rt_v6-rev0\mingw64\bin;C:\Program Files\nodejs\;D:\git\Git\cmd;C:\Users\lenovo\AppData\Local\Microsoft\WindowsApps;E:\JDK\jdk-17.0.1\bin;E:\MySQL\MySQL Serve 8.0.28\bin;E:\apache-maven-3.6.1-bin\apache-maven-3.6.1\bin;C:\Users\lenovo\AppData\Roaming\npm;;D:\quartus13.1new\altera\13.1\modelsim_ase\win32aloem;D:\vscode\Microsoft VS Code\bin;."/>
    <property name="java.vm.info" value="mixed mode, sharing"/>
    <property name="java.vendor" value="Oracle Corporation"/>
    <property name="java.vm.version" value="17.0.1+12-LTS-39"/>
    <property name="sun.io.unicode.encoding" value="UnicodeLittle"/>
    <property name="java.class.version" value="61.0"/>
  </properties>
  <testcase name="contextLoads" classname="com.postbar.backend.BackendApplicationTests" time="0.414"/>
</testsuite>